{"D:\\repos\\JS\\reactjs-mentoring-q1-2019\\src\\components\\search.js": {"path":"D:\\repos\\JS\\reactjs-mentoring-q1-2019\\src\\components\\search.js","statementMap":{"0":{"start":{"line":3,"column":20},"end":{"line":15,"column":1}},"1":{"start":{"line":4,"column":2},"end":{"line":14,"column":4}}},"fnMap":{"0":{"name":"(anonymous_0)","decl":{"start":{"line":3,"column":20},"end":{"line":3,"column":21}},"loc":{"start":{"line":3,"column":26},"end":{"line":15,"column":1}},"line":3}},"branchMap":{},"s":{"0":1,"1":3},"f":{"0":3},"b":{},"_coverageSchema":"43e27e138ebf9cfc5966b082cf9a028302ed4184","hash":"5c34e0d783e25456e77d8d90faa4f8163002159e"}
,"D:\\repos\\JS\\reactjs-mentoring-q1-2019\\src\\components\\searchButtons.js": {"path":"D:\\repos\\JS\\reactjs-mentoring-q1-2019\\src\\components\\searchButtons.js","statementMap":{"0":{"start":{"line":3,"column":22},"end":{"line":14,"column":1}},"1":{"start":{"line":4,"column":2},"end":{"line":13,"column":4}}},"fnMap":{"0":{"name":"(anonymous_0)","decl":{"start":{"line":3,"column":22},"end":{"line":3,"column":23}},"loc":{"start":{"line":3,"column":83},"end":{"line":14,"column":1}},"line":3}},"branchMap":{},"s":{"0":1,"1":3},"f":{"0":3},"b":{},"_coverageSchema":"43e27e138ebf9cfc5966b082cf9a028302ed4184","hash":"ddaf83ce80f6ec61e94d196d113f076ebaa8970c"}
,"D:\\repos\\JS\\reactjs-mentoring-q1-2019\\src\\components\\sort.js": {"path":"D:\\repos\\JS\\reactjs-mentoring-q1-2019\\src\\components\\sort.js","statementMap":{"0":{"start":{"line":3,"column":19},"end":{"line":11,"column":1}},"1":{"start":{"line":4,"column":2},"end":{"line":10,"column":4}}},"fnMap":{"0":{"name":"(anonymous_0)","decl":{"start":{"line":3,"column":19},"end":{"line":3,"column":20}},"loc":{"start":{"line":3,"column":25},"end":{"line":11,"column":1}},"line":3}},"branchMap":{},"s":{"0":1,"1":1},"f":{"0":1},"b":{},"_coverageSchema":"43e27e138ebf9cfc5966b082cf9a028302ed4184","hash":"f467add6919debb311c7007de30a2626dd68c034"}
,"D:\\repos\\JS\\reactjs-mentoring-q1-2019\\src\\containers\\homePage\\homePage.js": {"path":"D:\\repos\\JS\\reactjs-mentoring-q1-2019\\src\\containers\\homePage\\homePage.js","statementMap":{"0":{"start":{"line":10,"column":4},"end":{"line":10,"column":17}},"1":{"start":{"line":12,"column":4},"end":{"line":17,"column":6}},"2":{"start":{"line":21,"column":4},"end":{"line":24,"column":7}},"3":{"start":{"line":28,"column":4},"end":{"line":32,"column":5}},"4":{"start":{"line":29,"column":6},"end":{"line":31,"column":9}},"5":{"start":{"line":36,"column":4},"end":{"line":36,"column":47}},"6":{"start":{"line":40,"column":4},"end":{"line":42,"column":5}},"7":{"start":{"line":41,"column":6},"end":{"line":41,"column":42}},"8":{"start":{"line":43,"column":4},"end":{"line":56,"column":6}},"9":{"start":{"line":47,"column":26},"end":{"line":47,"column":45}},"10":{"start":{"line":48,"column":39},"end":{"line":48,"column":71}},"11":{"start":{"line":49,"column":39},"end":{"line":49,"column":71}}},"fnMap":{"0":{"name":"(anonymous_0)","decl":{"start":{"line":9,"column":2},"end":{"line":9,"column":3}},"loc":{"start":{"line":9,"column":21},"end":{"line":18,"column":3}},"line":9},"1":{"name":"(anonymous_1)","decl":{"start":{"line":20,"column":2},"end":{"line":20,"column":3}},"loc":{"start":{"line":20,"column":37},"end":{"line":25,"column":3}},"line":20},"2":{"name":"(anonymous_2)","decl":{"start":{"line":27,"column":2},"end":{"line":27,"column":3}},"loc":{"start":{"line":27,"column":29},"end":{"line":33,"column":3}},"line":27},"3":{"name":"(anonymous_3)","decl":{"start":{"line":35,"column":2},"end":{"line":35,"column":3}},"loc":{"start":{"line":35,"column":17},"end":{"line":37,"column":3}},"line":35},"4":{"name":"(anonymous_4)","decl":{"start":{"line":39,"column":2},"end":{"line":39,"column":3}},"loc":{"start":{"line":39,"column":11},"end":{"line":57,"column":3}},"line":39},"5":{"name":"(anonymous_5)","decl":{"start":{"line":47,"column":20},"end":{"line":47,"column":21}},"loc":{"start":{"line":47,"column":26},"end":{"line":47,"column":45}},"line":47},"6":{"name":"(anonymous_6)","decl":{"start":{"line":48,"column":33},"end":{"line":48,"column":34}},"loc":{"start":{"line":48,"column":39},"end":{"line":48,"column":71}},"line":48},"7":{"name":"(anonymous_7)","decl":{"start":{"line":49,"column":33},"end":{"line":49,"column":34}},"loc":{"start":{"line":49,"column":39},"end":{"line":49,"column":71}},"line":49}},"branchMap":{"0":{"loc":{"start":{"line":28,"column":4},"end":{"line":32,"column":5}},"type":"if","locations":[{"start":{"line":28,"column":4},"end":{"line":32,"column":5}},{"start":{"line":28,"column":4},"end":{"line":32,"column":5}}],"line":28},"1":{"loc":{"start":{"line":40,"column":4},"end":{"line":42,"column":5}},"type":"if","locations":[{"start":{"line":40,"column":4},"end":{"line":42,"column":5}},{"start":{"line":40,"column":4},"end":{"line":42,"column":5}}],"line":40},"2":{"loc":{"start":{"line":52,"column":9},"end":{"line":54,"column":14}},"type":"cond-expr","locations":[{"start":{"line":53,"column":10},"end":{"line":53,"column":26}},{"start":{"line":54,"column":12},"end":{"line":54,"column":14}}],"line":52}},"s":{"0":2,"1":2,"2":0,"3":0,"4":0,"5":1,"6":3,"7":0,"8":3,"9":1,"10":0,"11":0},"f":{"0":2,"1":0,"2":0,"3":1,"4":3,"5":1,"6":0,"7":0},"b":{"0":[0,0],"1":[0,3],"2":[1,2]},"_coverageSchema":"43e27e138ebf9cfc5966b082cf9a028302ed4184","hash":"5fb322a3babc8c3234de902cb9915aeeaa44ba09"}
,"D:\\repos\\JS\\reactjs-mentoring-q1-2019\\src\\containers\\homePage\\searchResult.js": {"path":"D:\\repos\\JS\\reactjs-mentoring-q1-2019\\src\\containers\\homePage\\searchResult.js","statementMap":{"0":{"start":{"line":9,"column":4},"end":{"line":9,"column":17}},"1":{"start":{"line":10,"column":4},"end":{"line":10,"column":27}},"2":{"start":{"line":14,"column":4},"end":{"line":30,"column":6}}},"fnMap":{"0":{"name":"(anonymous_0)","decl":{"start":{"line":8,"column":2},"end":{"line":8,"column":3}},"loc":{"start":{"line":8,"column":21},"end":{"line":11,"column":3}},"line":8},"1":{"name":"(anonymous_1)","decl":{"start":{"line":13,"column":2},"end":{"line":13,"column":3}},"loc":{"start":{"line":13,"column":11},"end":{"line":31,"column":3}},"line":13}},"branchMap":{"0":{"loc":{"start":{"line":16,"column":9},"end":{"line":28,"column":11}},"type":"cond-expr","locations":[{"start":{"line":17,"column":10},"end":{"line":23,"column":16}},{"start":{"line":25,"column":12},"end":{"line":27,"column":18}}],"line":16}},"s":{"0":1,"1":1,"2":1},"f":{"0":1,"1":1},"b":{"0":[1,0]},"_coverageSchema":"43e27e138ebf9cfc5966b082cf9a028302ed4184","hash":"ddc2de79793b136993867a64aa756dce986100b0"}
,"D:\\repos\\JS\\reactjs-mentoring-q1-2019\\src\\containers\\notFoundPage\\notFoundMessage.js": {"path":"D:\\repos\\JS\\reactjs-mentoring-q1-2019\\src\\containers\\notFoundPage\\notFoundMessage.js","statementMap":{"0":{"start":{"line":3,"column":24},"end":{"line":9,"column":1}},"1":{"start":{"line":4,"column":4},"end":{"line":8,"column":5}}},"fnMap":{"0":{"name":"(anonymous_0)","decl":{"start":{"line":3,"column":24},"end":{"line":3,"column":25}},"loc":{"start":{"line":3,"column":31},"end":{"line":9,"column":1}},"line":3}},"branchMap":{},"s":{"0":1,"1":0},"f":{"0":0},"b":{},"_coverageSchema":"43e27e138ebf9cfc5966b082cf9a028302ed4184","hash":"7865a59a4812d36c602b436c2640d1669b8e1e03"}
,"D:\\repos\\JS\\reactjs-mentoring-q1-2019\\src\\shared\\poster.js": {"path":"D:\\repos\\JS\\reactjs-mentoring-q1-2019\\src\\shared\\poster.js","statementMap":{"0":{"start":{"line":5,"column":15},"end":{"line":22,"column":1}},"1":{"start":{"line":6,"column":2},"end":{"line":21,"column":4}},"2":{"start":{"line":24,"column":0},"end":{"line":29,"column":1}}},"fnMap":{"0":{"name":"(anonymous_0)","decl":{"start":{"line":5,"column":15},"end":{"line":5,"column":16}},"loc":{"start":{"line":5,"column":77},"end":{"line":22,"column":1}},"line":5}},"branchMap":{},"s":{"0":1,"1":10,"2":1},"f":{"0":10},"b":{},"_coverageSchema":"43e27e138ebf9cfc5966b082cf9a028302ed4184","hash":"17f4505831b360b50c80c4a8eb215cba04be4f26"}
,"D:\\repos\\JS\\reactjs-mentoring-q1-2019\\src\\shared\\postersList.js": {"path":"D:\\repos\\JS\\reactjs-mentoring-q1-2019\\src\\shared\\postersList.js","statementMap":{"0":{"start":{"line":6,"column":20},"end":{"line":13,"column":1}},"1":{"start":{"line":8,"column":22},"end":{"line":10,"column":4}},"2":{"start":{"line":9,"column":4},"end":{"line":9,"column":54}},"3":{"start":{"line":12,"column":2},"end":{"line":12,"column":61}},"4":{"start":{"line":15,"column":0},"end":{"line":17,"column":1}}},"fnMap":{"0":{"name":"(anonymous_0)","decl":{"start":{"line":6,"column":20},"end":{"line":6,"column":21}},"loc":{"start":{"line":6,"column":37},"end":{"line":13,"column":1}},"line":6},"1":{"name":"(anonymous_1)","decl":{"start":{"line":8,"column":34},"end":{"line":8,"column":35}},"loc":{"start":{"line":8,"column":44},"end":{"line":10,"column":3}},"line":8}},"branchMap":{},"s":{"0":1,"1":1,"2":10,"3":1,"4":1},"f":{"0":1,"1":10},"b":{},"_coverageSchema":"43e27e138ebf9cfc5966b082cf9a028302ed4184","hash":"ad95d22baf7aca1ff91944e75146fd19496b7ad1"}
,"D:\\repos\\JS\\reactjs-mentoring-q1-2019\\src\\utils\\items.js": {"path":"D:\\repos\\JS\\reactjs-mentoring-q1-2019\\src\\utils\\items.js","statementMap":{"0":{"start":{"line":1,"column":20},"end":{"line":15,"column":1}},"1":{"start":{"line":17,"column":25},"end":{"line":202,"column":1}}},"fnMap":{},"branchMap":{},"s":{"0":1,"1":1},"f":{},"b":{},"_coverageSchema":"43e27e138ebf9cfc5966b082cf9a028302ed4184","hash":"bec8ace7c9192290accf045f6f81c02f80b00a61"}
}
