TN:
SF:D:\repos\JS\reactjs-mentoring-q1-2019\src\components\search.js
FN:3,(anonymous_0)
FNF:1
FNH:1
FNDA:3,(anonymous_0)
DA:3,1
DA:4,3
LF:2
LH:2
BRF:0
BRH:0
end_of_record
TN:
SF:D:\repos\JS\reactjs-mentoring-q1-2019\src\components\searchButtons.js
FN:3,(anonymous_0)
FNF:1
FNH:1
FNDA:3,(anonymous_0)
DA:3,1
DA:4,3
LF:2
LH:2
BRF:0
BRH:0
end_of_record
TN:
SF:D:\repos\JS\reactjs-mentoring-q1-2019\src\components\sort.js
FN:3,(anonymous_0)
FNF:1
FNH:1
FNDA:1,(anonymous_0)
DA:3,1
DA:4,1
LF:2
LH:2
BRF:0
BRH:0
end_of_record
TN:
SF:D:\repos\JS\reactjs-mentoring-q1-2019\src\containers\homePage\homePage.js
FN:9,(anonymous_0)
FN:20,(anonymous_1)
FN:27,(anonymous_2)
FN:35,(anonymous_3)
FN:39,(anonymous_4)
FN:47,(anonymous_5)
FN:48,(anonymous_6)
FN:49,(anonymous_7)
FNF:8
FNH:4
FNDA:2,(anonymous_0)
FNDA:0,(anonymous_1)
FNDA:0,(anonymous_2)
FNDA:1,(anonymous_3)
FNDA:3,(anonymous_4)
FNDA:1,(anonymous_5)
FNDA:0,(anonymous_6)
FNDA:0,(anonymous_7)
DA:10,2
DA:12,2
DA:21,0
DA:28,0
DA:29,0
DA:36,1
DA:40,3
DA:41,0
DA:43,3
DA:47,1
DA:48,0
DA:49,0
LF:12
LH:6
BRDA:28,0,0,0
BRDA:28,0,1,0
BRDA:40,1,0,0
BRDA:40,1,1,3
BRDA:52,2,0,1
BRDA:52,2,1,2
BRF:6
BRH:3
end_of_record
TN:
SF:D:\repos\JS\reactjs-mentoring-q1-2019\src\containers\homePage\searchResult.js
FN:8,(anonymous_0)
FN:13,(anonymous_1)
FNF:2
FNH:2
FNDA:1,(anonymous_0)
FNDA:1,(anonymous_1)
DA:9,1
DA:10,1
DA:14,1
LF:3
LH:3
BRDA:16,0,0,1
BRDA:16,0,1,0
BRF:2
BRH:1
end_of_record
TN:
SF:D:\repos\JS\reactjs-mentoring-q1-2019\src\containers\notFoundPage\notFoundMessage.js
FN:3,(anonymous_0)
FNF:1
FNH:0
FNDA:0,(anonymous_0)
DA:3,1
DA:4,0
LF:2
LH:1
BRF:0
BRH:0
end_of_record
TN:
SF:D:\repos\JS\reactjs-mentoring-q1-2019\src\shared\poster.js
FN:5,(anonymous_0)
FNF:1
FNH:1
FNDA:10,(anonymous_0)
DA:5,1
DA:6,10
DA:24,1
LF:3
LH:3
BRF:0
BRH:0
end_of_record
TN:
SF:D:\repos\JS\reactjs-mentoring-q1-2019\src\shared\postersList.js
FN:6,(anonymous_0)
FN:8,(anonymous_1)
FNF:2
FNH:2
FNDA:1,(anonymous_0)
FNDA:10,(anonymous_1)
DA:6,1
DA:8,1
DA:9,10
DA:12,1
DA:15,1
LF:5
LH:5
BRF:0
BRH:0
end_of_record
TN:
SF:D:\repos\JS\reactjs-mentoring-q1-2019\src\utils\items.js
FNF:0
FNH:0
DA:1,1
DA:17,1
LF:2
LH:2
BRF:0
BRH:0
end_of_record
